天气预报： taichung

     \  /       局部多云
   _ /"".-.     19 °C          
     \_(   ).   ↓ 22 km/h      
     /(___(__)  10 km          
                0.0 mm         
                                                       ┌─────────────┐                                                       
┌──────────────────────────────┬───────────────────────┤1月31日星期六├───────────────────────┬──────────────────────────────┐
│             早上             │             中午      └──────┬──────┘       傍晚            │             夜间             │
├──────────────────────────────┼──────────────────────────────┼──────────────────────────────┼──────────────────────────────┤
│     \   /     晴天           │     \   /     晴天           │     \   /     晴朗           │    \  /       局部多云       │
│      .-.      20 °C          │      .-.      +24(25) °C     │      .-.      17 °C          │  _ /"".-.     16 °C          │
│   ― (   ) ―   ↓ 13-15 km/h   │   ― (   ) ―   ↘ 19-22 km/h   │   ― (   ) ―   ↓ 19-25 km/h   │    \_(   ).   ↓ 18-25 km/h   │
│      `-’      10 km          │      `-’      10 km          │      `-’      10 km          │    /(___(__)  10 km          │
│     /   \     0.0 mm | 0%    │     /   \     0.0 mm | 0%    │     /   \     0.0 mm | 0%    │               0.0 mm | 0%    │
└──────────────────────────────┴──────────────────────────────┴──────────────────────────────┴──────────────────────────────┘
                                                       ┌─────────────┐                                                       
┌──────────────────────────────┬───────────────────────┤2月01日星期日├───────────────────────┬──────────────────────────────┐
│             早上             │             中午      └──────┬──────┘       傍晚            │             夜间             │
├──────────────────────────────┼──────────────────────────────┼──────────────────────────────┼──────────────────────────────┤
│    \  /       局部多云       │    \  /       局部多云       │    \  /       局部多云       │               多云           │
│  _ /"".-.     17 °C          │  _ /"".-.     +18(19) °C     │  _ /"".-.     17 °C          │      .--.     16 °C          │
│    \_(   ).   ↓ 18-21 km/h   │    \_(   ).   ↓ 16-18 km/h   │    \_(   ).   ↓ 15-21 km/h   │   .-(    ).   ↓ 15-19 km/h   │
│    /(___(__)  10 km          │    /(___(__)  10 km          │    /(___(__)  10 km          │  (___.__)__)  10 km          │
│               0.0 mm | 0%    │               0.0 mm | 0%    │               0.0 mm | 0%    │               0.0 mm | 0%    │
└──────────────────────────────┴──────────────────────────────┴──────────────────────────────┴──────────────────────────────┘
                                                       ┌─────────────┐                                                       
┌──────────────────────────────┬───────────────────────┤2月02日星期一├───────────────────────┬──────────────────────────────┐
│             早上             │             中午      └──────┬──────┘       傍晚            │             夜间             │
├──────────────────────────────┼──────────────────────────────┼──────────────────────────────┼──────────────────────────────┤
│    \  /       局部多云       │     \   /     晴天           │     \   /     晴朗           │     \   /     晴朗           │
│  _ /"".-.     18 °C          │      .-.      22 °C          │      .-.      17 °C          │      .-.      +15(14) °C     │
│    \_(   ).   ↓ 12-14 km/h   │   ― (   ) ―   ↘ 17-19 km/h   │   ― (   ) ―   ↓ 19-26 km/h   │   ― (   ) ―   ↓ 17-25 km/h   │
│    /(___(__)  10 km          │      `-’      10 km          │      `-’      10 km          │      `-’      10 km          │
│               0.0 mm | 0%    │     /   \     0.0 mm | 0%    │     /   \     0.0 mm | 0%    │     /   \     0.0 mm | 0%    │
└──────────────────────────────┴──────────────────────────────┴──────────────────────────────┴──────────────────────────────┘
地点: 臺中市, 西屯區, 臺中市, 臺灣 [24.163162,120.6478282]

关注 @igor_chubin 获取 wttr.in 动态
